Started GET "/" for ::1 at 2016-08-10 15:59:30 -0700
Processing by HelloPageController#hello as HTML
  Rendering hello_page/hello.html.erb within layouts/application
  Rendered hello_page/hello.html.erb within layouts/application (231.1ms)
Completed 200 OK in 318ms (Views: 306.3ms | ActiveRecord: 0.0ms)


Started GET "/application.js" for ::1 at 2016-08-10 15:59:31 -0700
  
ActionController::RoutingError (No route matches [GET] "/application.js"):
  
actionpack (5.0.0) lib/action_dispatch/middleware/debug_exceptions.rb:53:in `call'
web-console (3.3.1) lib/web_console/middleware.rb:131:in `call_app'
web-console (3.3.1) lib/web_console/middleware.rb:28:in `block in call'
web-console (3.3.1) lib/web_console/middleware.rb:18:in `catch'
web-console (3.3.1) lib/web_console/middleware.rb:18:in `call'
actionpack (5.0.0) lib/action_dispatch/middleware/show_exceptions.rb:31:in `call'
railties (5.0.0) lib/rails/rack/logger.rb:36:in `call_app'
railties (5.0.0) lib/rails/rack/logger.rb:24:in `block in call'
activesupport (5.0.0) lib/active_support/tagged_logging.rb:70:in `block in tagged'
activesupport (5.0.0) lib/active_support/tagged_logging.rb:26:in `tagged'
activesupport (5.0.0) lib/active_support/tagged_logging.rb:70:in `tagged'
railties (5.0.0) lib/rails/rack/logger.rb:24:in `call'
sprockets-rails (3.1.1) lib/sprockets/rails/quiet_assets.rb:13:in `call'
actionpack (5.0.0) lib/action_dispatch/middleware/request_id.rb:24:in `call'
rack (2.0.1) lib/rack/method_override.rb:22:in `call'
rack (2.0.1) lib/rack/runtime.rb:22:in `call'
activesupport (5.0.0) lib/active_support/cache/strategy/local_cache_middleware.rb:28:in `call'
actionpack (5.0.0) lib/action_dispatch/middleware/executor.rb:12:in `call'
actionpack (5.0.0) lib/action_dispatch/middleware/static.rb:136:in `call'
rack (2.0.1) lib/rack/sendfile.rb:111:in `call'
railties (5.0.0) lib/rails/engine.rb:522:in `call'
puma (3.0.0) lib/puma/configuration.rb:221:in `call'
puma (3.0.0) lib/puma/server.rb:723:in `handle_request'
puma (3.0.0) lib/puma/server.rb:406:in `process_client'
puma (3.0.0) lib/puma/server.rb:271:in `block in run'
puma (3.0.0) lib/puma/thread_pool.rb:111:in `block in spawn_thread'
  Rendering /Users/sanmukhl/.rvm/gems/ruby-2.3.0@global/gems/actionpack-5.0.0/lib/action_dispatch/middleware/templates/rescues/routing_error.html.erb within rescues/layout
  Rendering /Users/sanmukhl/.rvm/gems/ruby-2.3.0@global/gems/actionpack-5.0.0/lib/action_dispatch/middleware/templates/rescues/_trace.html.erb
  Rendered /Users/sanmukhl/.rvm/gems/ruby-2.3.0@global/gems/actionpack-5.0.0/lib/action_dispatch/middleware/templates/rescues/_trace.html.erb (1.0ms)
  Rendered collection of /Users/sanmukhl/.rvm/gems/ruby-2.3.0@global/gems/actionpack-5.0.0/lib/action_dispatch/middleware/templates/routes/_route.html.erb [2 times] (10.6ms)
  Rendered /Users/sanmukhl/.rvm/gems/ruby-2.3.0@global/gems/actionpack-5.0.0/lib/action_dispatch/middleware/templates/routes/_table.html.erb (16.4ms)
  Rendering /Users/sanmukhl/.rvm/gems/ruby-2.3.0@global/gems/actionpack-5.0.0/lib/action_dispatch/middleware/templates/rescues/_request_and_response.html.erb
  Rendered /Users/sanmukhl/.rvm/gems/ruby-2.3.0@global/gems/actionpack-5.0.0/lib/action_dispatch/middleware/templates/rescues/_request_and_response.html.erb (1.0ms)
  Rendered /Users/sanmukhl/.rvm/gems/ruby-2.3.0@global/gems/actionpack-5.0.0/lib/action_dispatch/middleware/templates/rescues/routing_error.html.erb within rescues/layout (131.1ms)
Started GET "/" for ::1 at 2016-08-10 15:59:50 -0700
Processing by HelloPageController#hello as HTML
  Rendering hello_page/hello.html.erb within layouts/application
  Rendered hello_page/hello.html.erb within layouts/application (231.3ms)
Completed 200 OK in 300ms (Views: 288.6ms | ActiveRecord: 0.0ms)


Started GET "/application.js" for ::1 at 2016-08-10 15:59:51 -0700
  
ActionController::RoutingError (No route matches [GET] "/application.js"):
  
actionpack (5.0.0) lib/action_dispatch/middleware/debug_exceptions.rb:53:in `call'
web-console (3.3.1) lib/web_console/middleware.rb:131:in `call_app'
web-console (3.3.1) lib/web_console/middleware.rb:28:in `block in call'
web-console (3.3.1) lib/web_console/middleware.rb:18:in `catch'
web-console (3.3.1) lib/web_console/middleware.rb:18:in `call'
actionpack (5.0.0) lib/action_dispatch/middleware/show_exceptions.rb:31:in `call'
railties (5.0.0) lib/rails/rack/logger.rb:36:in `call_app'
railties (5.0.0) lib/rails/rack/logger.rb:24:in `block in call'
activesupport (5.0.0) lib/active_support/tagged_logging.rb:70:in `block in tagged'
activesupport (5.0.0) lib/active_support/tagged_logging.rb:26:in `tagged'
activesupport (5.0.0) lib/active_support/tagged_logging.rb:70:in `tagged'
railties (5.0.0) lib/rails/rack/logger.rb:24:in `call'
sprockets-rails (3.1.1) lib/sprockets/rails/quiet_assets.rb:13:in `call'
actionpack (5.0.0) lib/action_dispatch/middleware/request_id.rb:24:in `call'
rack (2.0.1) lib/rack/method_override.rb:22:in `call'
rack (2.0.1) lib/rack/runtime.rb:22:in `call'
activesupport (5.0.0) lib/active_support/cache/strategy/local_cache_middleware.rb:28:in `call'
actionpack (5.0.0) lib/action_dispatch/middleware/executor.rb:12:in `call'
actionpack (5.0.0) lib/action_dispatch/middleware/static.rb:136:in `call'
rack (2.0.1) lib/rack/sendfile.rb:111:in `call'
railties (5.0.0) lib/rails/engine.rb:522:in `call'
puma (3.0.0) lib/puma/configuration.rb:221:in `call'
puma (3.0.0) lib/puma/server.rb:723:in `handle_request'
puma (3.0.0) lib/puma/server.rb:406:in `process_client'
puma (3.0.0) lib/puma/server.rb:271:in `block in run'
puma (3.0.0) lib/puma/thread_pool.rb:111:in `block in spawn_thread'
  Rendering /Users/sanmukhl/.rvm/gems/ruby-2.3.0@global/gems/actionpack-5.0.0/lib/action_dispatch/middleware/templates/rescues/routing_error.html.erb within rescues/layout
  Rendering /Users/sanmukhl/.rvm/gems/ruby-2.3.0@global/gems/actionpack-5.0.0/lib/action_dispatch/middleware/templates/rescues/_trace.html.erb
  Rendered /Users/sanmukhl/.rvm/gems/ruby-2.3.0@global/gems/actionpack-5.0.0/lib/action_dispatch/middleware/templates/rescues/_trace.html.erb (2.1ms)
  Rendered collection of /Users/sanmukhl/.rvm/gems/ruby-2.3.0@global/gems/actionpack-5.0.0/lib/action_dispatch/middleware/templates/routes/_route.html.erb [2 times] (1.7ms)
  Rendered /Users/sanmukhl/.rvm/gems/ruby-2.3.0@global/gems/actionpack-5.0.0/lib/action_dispatch/middleware/templates/routes/_table.html.erb (15.2ms)
  Rendering /Users/sanmukhl/.rvm/gems/ruby-2.3.0@global/gems/actionpack-5.0.0/lib/action_dispatch/middleware/templates/rescues/_request_and_response.html.erb
  Rendered /Users/sanmukhl/.rvm/gems/ruby-2.3.0@global/gems/actionpack-5.0.0/lib/action_dispatch/middleware/templates/rescues/_request_and_response.html.erb (2.4ms)
  Rendered /Users/sanmukhl/.rvm/gems/ruby-2.3.0@global/gems/actionpack-5.0.0/lib/action_dispatch/middleware/templates/rescues/routing_error.html.erb within rescues/layout (141.2ms)
Started GET "/" for ::1 at 2016-08-10 16:00:05 -0700
Processing by HelloPageController#hello as HTML
  Rendering hello_page/hello.html.erb within layouts/application
  Rendered hello_page/hello.html.erb within layouts/application (1.8ms)
Completed 200 OK in 44ms (Views: 40.0ms | ActiveRecord: 0.0ms)


Started GET "/application.js" for ::1 at 2016-08-10 16:00:05 -0700
  
ActionController::RoutingError (No route matches [GET] "/application.js"):
  
actionpack (5.0.0) lib/action_dispatch/middleware/debug_exceptions.rb:53:in `call'
web-console (3.3.1) lib/web_console/middleware.rb:131:in `call_app'
web-console (3.3.1) lib/web_console/middleware.rb:28:in `block in call'
web-console (3.3.1) lib/web_console/middleware.rb:18:in `catch'
web-console (3.3.1) lib/web_console/middleware.rb:18:in `call'
actionpack (5.0.0) lib/action_dispatch/middleware/show_exceptions.rb:31:in `call'
railties (5.0.0) lib/rails/rack/logger.rb:36:in `call_app'
railties (5.0.0) lib/rails/rack/logger.rb:24:in `block in call'
activesupport (5.0.0) lib/active_support/tagged_logging.rb:70:in `block in tagged'
activesupport (5.0.0) lib/active_support/tagged_logging.rb:26:in `tagged'
activesupport (5.0.0) lib/active_support/tagged_logging.rb:70:in `tagged'
railties (5.0.0) lib/rails/rack/logger.rb:24:in `call'
sprockets-rails (3.1.1) lib/sprockets/rails/quiet_assets.rb:13:in `call'
actionpack (5.0.0) lib/action_dispatch/middleware/request_id.rb:24:in `call'
rack (2.0.1) lib/rack/method_override.rb:22:in `call'
rack (2.0.1) lib/rack/runtime.rb:22:in `call'
activesupport (5.0.0) lib/active_support/cache/strategy/local_cache_middleware.rb:28:in `call'
actionpack (5.0.0) lib/action_dispatch/middleware/executor.rb:12:in `call'
actionpack (5.0.0) lib/action_dispatch/middleware/static.rb:136:in `call'
rack (2.0.1) lib/rack/sendfile.rb:111:in `call'
railties (5.0.0) lib/rails/engine.rb:522:in `call'
puma (3.0.0) lib/puma/configuration.rb:221:in `call'
puma (3.0.0) lib/puma/server.rb:723:in `handle_request'
puma (3.0.0) lib/puma/server.rb:406:in `process_client'
puma (3.0.0) lib/puma/server.rb:271:in `block in run'
puma (3.0.0) lib/puma/thread_pool.rb:111:in `block in spawn_thread'
  Rendering /Users/sanmukhl/.rvm/gems/ruby-2.3.0@global/gems/actionpack-5.0.0/lib/action_dispatch/middleware/templates/rescues/routing_error.html.erb within rescues/layout
  Rendering /Users/sanmukhl/.rvm/gems/ruby-2.3.0@global/gems/actionpack-5.0.0/lib/action_dispatch/middleware/templates/rescues/_trace.html.erb
  Rendered /Users/sanmukhl/.rvm/gems/ruby-2.3.0@global/gems/actionpack-5.0.0/lib/action_dispatch/middleware/templates/rescues/_trace.html.erb (43.1ms)
  Rendered collection of /Users/sanmukhl/.rvm/gems/ruby-2.3.0@global/gems/actionpack-5.0.0/lib/action_dispatch/middleware/templates/routes/_route.html.erb [2 times] (3.4ms)
  Rendered /Users/sanmukhl/.rvm/gems/ruby-2.3.0@global/gems/actionpack-5.0.0/lib/action_dispatch/middleware/templates/routes/_table.html.erb (1.1ms)
  Rendering /Users/sanmukhl/.rvm/gems/ruby-2.3.0@global/gems/actionpack-5.0.0/lib/action_dispatch/middleware/templates/rescues/_request_and_response.html.erb
  Rendered /Users/sanmukhl/.rvm/gems/ruby-2.3.0@global/gems/actionpack-5.0.0/lib/action_dispatch/middleware/templates/rescues/_request_and_response.html.erb (2.6ms)
  Rendered /Users/sanmukhl/.rvm/gems/ruby-2.3.0@global/gems/actionpack-5.0.0/lib/action_dispatch/middleware/templates/rescues/routing_error.html.erb within rescues/layout (186.6ms)
Started GET "/" for 127.0.0.1 at 2018-01-10 18:42:59 +0530
Processing by HelloPageController#hello as HTML
  Rendering hello_page/hello.html.erb within layouts/application
  Rendered hello_page/hello.html.erb within layouts/application (383.8ms)
Completed 200 OK in 444ms (Views: 437.0ms | ActiveRecord: 0.0ms)


Started GET "/application.js" for 127.0.0.1 at 2018-01-10 18:43:00 +0530
  
ActionController::RoutingError (No route matches [GET] "/application.js"):
  
actionpack (5.0.6) lib/action_dispatch/middleware/debug_exceptions.rb:53:in `call'
web-console (3.5.1) lib/web_console/middleware.rb:135:in `call_app'
web-console (3.5.1) lib/web_console/middleware.rb:28:in `block in call'
web-console (3.5.1) lib/web_console/middleware.rb:18:in `catch'
web-console (3.5.1) lib/web_console/middleware.rb:18:in `call'
actionpack (5.0.6) lib/action_dispatch/middleware/show_exceptions.rb:31:in `call'
railties (5.0.6) lib/rails/rack/logger.rb:36:in `call_app'
railties (5.0.6) lib/rails/rack/logger.rb:24:in `block in call'
activesupport (5.0.6) lib/active_support/tagged_logging.rb:69:in `block in tagged'
activesupport (5.0.6) lib/active_support/tagged_logging.rb:26:in `tagged'
activesupport (5.0.6) lib/active_support/tagged_logging.rb:69:in `tagged'
railties (5.0.6) lib/rails/rack/logger.rb:24:in `call'
sprockets-rails (3.2.1) lib/sprockets/rails/quiet_assets.rb:13:in `call'
actionpack (5.0.6) lib/action_dispatch/middleware/request_id.rb:24:in `call'
rack (2.0.3) lib/rack/method_override.rb:22:in `call'
rack (2.0.3) lib/rack/runtime.rb:22:in `call'
activesupport (5.0.6) lib/active_support/cache/strategy/local_cache_middleware.rb:28:in `call'
actionpack (5.0.6) lib/action_dispatch/middleware/executor.rb:12:in `call'
actionpack (5.0.6) lib/action_dispatch/middleware/static.rb:136:in `call'
rack (2.0.3) lib/rack/sendfile.rb:111:in `call'
railties (5.0.6) lib/rails/engine.rb:522:in `call'
puma (3.0.0) lib/puma/configuration.rb:221:in `call'
puma (3.0.0) lib/puma/server.rb:723:in `handle_request'
puma (3.0.0) lib/puma/server.rb:406:in `process_client'
puma (3.0.0) lib/puma/server.rb:271:in `block in run'
puma (3.0.0) lib/puma/thread_pool.rb:111:in `block in spawn_thread'
  Rendering /home/chandu/.rvm/gems/ruby-2.4.1/gems/actionpack-5.0.6/lib/action_dispatch/middleware/templates/rescues/routing_error.html.erb within rescues/layout
  Rendering /home/chandu/.rvm/gems/ruby-2.4.1/gems/actionpack-5.0.6/lib/action_dispatch/middleware/templates/rescues/_trace.html.erb
  Rendered /home/chandu/.rvm/gems/ruby-2.4.1/gems/actionpack-5.0.6/lib/action_dispatch/middleware/templates/rescues/_trace.html.erb (1.6ms)
  Rendered collection of /home/chandu/.rvm/gems/ruby-2.4.1/gems/actionpack-5.0.6/lib/action_dispatch/middleware/templates/routes/_route.html.erb [2 times] (20.2ms)
  Rendered /home/chandu/.rvm/gems/ruby-2.4.1/gems/actionpack-5.0.6/lib/action_dispatch/middleware/templates/routes/_table.html.erb (16.4ms)
  Rendering /home/chandu/.rvm/gems/ruby-2.4.1/gems/actionpack-5.0.6/lib/action_dispatch/middleware/templates/rescues/_request_and_response.html.erb
  Rendered /home/chandu/.rvm/gems/ruby-2.4.1/gems/actionpack-5.0.6/lib/action_dispatch/middleware/templates/rescues/_request_and_response.html.erb (0.9ms)
  Rendered /home/chandu/.rvm/gems/ruby-2.4.1/gems/actionpack-5.0.6/lib/action_dispatch/middleware/templates/rescues/routing_error.html.erb within rescues/layout (67.2ms)
Started GET "/application.js" for 127.0.0.1 at 2018-01-10 18:43:00 +0530
  
ActionController::RoutingError (No route matches [GET] "/application.js"):
  
actionpack (5.0.6) lib/action_dispatch/middleware/debug_exceptions.rb:53:in `call'
web-console (3.5.1) lib/web_console/middleware.rb:135:in `call_app'
web-console (3.5.1) lib/web_console/middleware.rb:28:in `block in call'
web-console (3.5.1) lib/web_console/middleware.rb:18:in `catch'
web-console (3.5.1) lib/web_console/middleware.rb:18:in `call'
actionpack (5.0.6) lib/action_dispatch/middleware/show_exceptions.rb:31:in `call'
railties (5.0.6) lib/rails/rack/logger.rb:36:in `call_app'
railties (5.0.6) lib/rails/rack/logger.rb:24:in `block in call'
activesupport (5.0.6) lib/active_support/tagged_logging.rb:69:in `block in tagged'
activesupport (5.0.6) lib/active_support/tagged_logging.rb:26:in `tagged'
activesupport (5.0.6) lib/active_support/tagged_logging.rb:69:in `tagged'
railties (5.0.6) lib/rails/rack/logger.rb:24:in `call'
sprockets-rails (3.2.1) lib/sprockets/rails/quiet_assets.rb:13:in `call'
actionpack (5.0.6) lib/action_dispatch/middleware/request_id.rb:24:in `call'
rack (2.0.3) lib/rack/method_override.rb:22:in `call'
rack (2.0.3) lib/rack/runtime.rb:22:in `call'
activesupport (5.0.6) lib/active_support/cache/strategy/local_cache_middleware.rb:28:in `call'
actionpack (5.0.6) lib/action_dispatch/middleware/executor.rb:12:in `call'
actionpack (5.0.6) lib/action_dispatch/middleware/static.rb:136:in `call'
rack (2.0.3) lib/rack/sendfile.rb:111:in `call'
railties (5.0.6) lib/rails/engine.rb:522:in `call'
puma (3.0.0) lib/puma/configuration.rb:221:in `call'
puma (3.0.0) lib/puma/server.rb:723:in `handle_request'
puma (3.0.0) lib/puma/server.rb:406:in `process_client'
puma (3.0.0) lib/puma/server.rb:271:in `block in run'
puma (3.0.0) lib/puma/thread_pool.rb:111:in `block in spawn_thread'
  Rendering /home/chandu/.rvm/gems/ruby-2.4.1/gems/actionpack-5.0.6/lib/action_dispatch/middleware/templates/rescues/routing_error.html.erb within rescues/layout
  Rendering /home/chandu/.rvm/gems/ruby-2.4.1/gems/actionpack-5.0.6/lib/action_dispatch/middleware/templates/rescues/_trace.html.erb
  Rendered /home/chandu/.rvm/gems/ruby-2.4.1/gems/actionpack-5.0.6/lib/action_dispatch/middleware/templates/rescues/_trace.html.erb (1.0ms)
  Rendered collection of /home/chandu/.rvm/gems/ruby-2.4.1/gems/actionpack-5.0.6/lib/action_dispatch/middleware/templates/routes/_route.html.erb [2 times] (1.3ms)
  Rendered /home/chandu/.rvm/gems/ruby-2.4.1/gems/actionpack-5.0.6/lib/action_dispatch/middleware/templates/routes/_table.html.erb (1.5ms)
  Rendering /home/chandu/.rvm/gems/ruby-2.4.1/gems/actionpack-5.0.6/lib/action_dispatch/middleware/templates/rescues/_request_and_response.html.erb
  Rendered /home/chandu/.rvm/gems/ruby-2.4.1/gems/actionpack-5.0.6/lib/action_dispatch/middleware/templates/rescues/_request_and_response.html.erb (3.2ms)
  Rendered /home/chandu/.rvm/gems/ruby-2.4.1/gems/actionpack-5.0.6/lib/action_dispatch/middleware/templates/rescues/routing_error.html.erb within rescues/layout (28.8ms)
Started GET "/" for 127.0.0.1 at 2018-01-10 18:43:46 +0530
Processing by HelloPageController#hello as HTML
  Rendering hello_page/hello.html.erb within layouts/application
  Rendered hello_page/hello.html.erb within layouts/application (4.8ms)
Completed 200 OK in 36ms (Views: 31.6ms | ActiveRecord: 0.0ms)


Started GET "/application.js" for 127.0.0.1 at 2018-01-10 18:43:46 +0530
  
ActionController::RoutingError (No route matches [GET] "/application.js"):
  
actionpack (5.0.6) lib/action_dispatch/middleware/debug_exceptions.rb:53:in `call'
web-console (3.5.1) lib/web_console/middleware.rb:135:in `call_app'
web-console (3.5.1) lib/web_console/middleware.rb:28:in `block in call'
web-console (3.5.1) lib/web_console/middleware.rb:18:in `catch'
web-console (3.5.1) lib/web_console/middleware.rb:18:in `call'
actionpack (5.0.6) lib/action_dispatch/middleware/show_exceptions.rb:31:in `call'
railties (5.0.6) lib/rails/rack/logger.rb:36:in `call_app'
railties (5.0.6) lib/rails/rack/logger.rb:24:in `block in call'
activesupport (5.0.6) lib/active_support/tagged_logging.rb:69:in `block in tagged'
activesupport (5.0.6) lib/active_support/tagged_logging.rb:26:in `tagged'
activesupport (5.0.6) lib/active_support/tagged_logging.rb:69:in `tagged'
railties (5.0.6) lib/rails/rack/logger.rb:24:in `call'
sprockets-rails (3.2.1) lib/sprockets/rails/quiet_assets.rb:13:in `call'
actionpack (5.0.6) lib/action_dispatch/middleware/request_id.rb:24:in `call'
rack (2.0.3) lib/rack/method_override.rb:22:in `call'
rack (2.0.3) lib/rack/runtime.rb:22:in `call'
activesupport (5.0.6) lib/active_support/cache/strategy/local_cache_middleware.rb:28:in `call'
actionpack (5.0.6) lib/action_dispatch/middleware/executor.rb:12:in `call'
actionpack (5.0.6) lib/action_dispatch/middleware/static.rb:136:in `call'
rack (2.0.3) lib/rack/sendfile.rb:111:in `call'
railties (5.0.6) lib/rails/engine.rb:522:in `call'
puma (3.0.0) lib/puma/configuration.rb:221:in `call'
puma (3.0.0) lib/puma/server.rb:723:in `handle_request'
puma (3.0.0) lib/puma/server.rb:406:in `process_client'
puma (3.0.0) lib/puma/server.rb:271:in `block in run'
puma (3.0.0) lib/puma/thread_pool.rb:111:in `block in spawn_thread'
  Rendering /home/chandu/.rvm/gems/ruby-2.4.1/gems/actionpack-5.0.6/lib/action_dispatch/middleware/templates/rescues/routing_error.html.erb within rescues/layout
  Rendering /home/chandu/.rvm/gems/ruby-2.4.1/gems/actionpack-5.0.6/lib/action_dispatch/middleware/templates/rescues/_trace.html.erb
  Rendered /home/chandu/.rvm/gems/ruby-2.4.1/gems/actionpack-5.0.6/lib/action_dispatch/middleware/templates/rescues/_trace.html.erb (1.1ms)
  Rendered collection of /home/chandu/.rvm/gems/ruby-2.4.1/gems/actionpack-5.0.6/lib/action_dispatch/middleware/templates/routes/_route.html.erb [2 times] (3.0ms)
  Rendered /home/chandu/.rvm/gems/ruby-2.4.1/gems/actionpack-5.0.6/lib/action_dispatch/middleware/templates/routes/_table.html.erb (1.1ms)
  Rendering /home/chandu/.rvm/gems/ruby-2.4.1/gems/actionpack-5.0.6/lib/action_dispatch/middleware/templates/rescues/_request_and_response.html.erb
  Rendered /home/chandu/.rvm/gems/ruby-2.4.1/gems/actionpack-5.0.6/lib/action_dispatch/middleware/templates/rescues/_request_and_response.html.erb (1.1ms)
  Rendered /home/chandu/.rvm/gems/ruby-2.4.1/gems/actionpack-5.0.6/lib/action_dispatch/middleware/templates/rescues/routing_error.html.erb within rescues/layout (27.1ms)
Started GET "/application.js" for 127.0.0.1 at 2018-01-10 18:43:46 +0530
  
ActionController::RoutingError (No route matches [GET] "/application.js"):
  
actionpack (5.0.6) lib/action_dispatch/middleware/debug_exceptions.rb:53:in `call'
web-console (3.5.1) lib/web_console/middleware.rb:135:in `call_app'
web-console (3.5.1) lib/web_console/middleware.rb:28:in `block in call'
web-console (3.5.1) lib/web_console/middleware.rb:18:in `catch'
web-console (3.5.1) lib/web_console/middleware.rb:18:in `call'
actionpack (5.0.6) lib/action_dispatch/middleware/show_exceptions.rb:31:in `call'
railties (5.0.6) lib/rails/rack/logger.rb:36:in `call_app'
railties (5.0.6) lib/rails/rack/logger.rb:24:in `block in call'
activesupport (5.0.6) lib/active_support/tagged_logging.rb:69:in `block in tagged'
activesupport (5.0.6) lib/active_support/tagged_logging.rb:26:in `tagged'
activesupport (5.0.6) lib/active_support/tagged_logging.rb:69:in `tagged'
railties (5.0.6) lib/rails/rack/logger.rb:24:in `call'
sprockets-rails (3.2.1) lib/sprockets/rails/quiet_assets.rb:13:in `call'
actionpack (5.0.6) lib/action_dispatch/middleware/request_id.rb:24:in `call'
rack (2.0.3) lib/rack/method_override.rb:22:in `call'
rack (2.0.3) lib/rack/runtime.rb:22:in `call'
activesupport (5.0.6) lib/active_support/cache/strategy/local_cache_middleware.rb:28:in `call'
actionpack (5.0.6) lib/action_dispatch/middleware/executor.rb:12:in `call'
actionpack (5.0.6) lib/action_dispatch/middleware/static.rb:136:in `call'
rack (2.0.3) lib/rack/sendfile.rb:111:in `call'
railties (5.0.6) lib/rails/engine.rb:522:in `call'
puma (3.0.0) lib/puma/configuration.rb:221:in `call'
puma (3.0.0) lib/puma/server.rb:723:in `handle_request'
puma (3.0.0) lib/puma/server.rb:406:in `process_client'
puma (3.0.0) lib/puma/server.rb:271:in `block in run'
puma (3.0.0) lib/puma/thread_pool.rb:111:in `block in spawn_thread'
  Rendering /home/chandu/.rvm/gems/ruby-2.4.1/gems/actionpack-5.0.6/lib/action_dispatch/middleware/templates/rescues/routing_error.html.erb within rescues/layout
  Rendering /home/chandu/.rvm/gems/ruby-2.4.1/gems/actionpack-5.0.6/lib/action_dispatch/middleware/templates/rescues/_trace.html.erb
  Rendered /home/chandu/.rvm/gems/ruby-2.4.1/gems/actionpack-5.0.6/lib/action_dispatch/middleware/templates/rescues/_trace.html.erb (2.2ms)
  Rendered collection of /home/chandu/.rvm/gems/ruby-2.4.1/gems/actionpack-5.0.6/lib/action_dispatch/middleware/templates/routes/_route.html.erb [2 times] (4.0ms)
  Rendered /home/chandu/.rvm/gems/ruby-2.4.1/gems/actionpack-5.0.6/lib/action_dispatch/middleware/templates/routes/_table.html.erb (2.1ms)
  Rendering /home/chandu/.rvm/gems/ruby-2.4.1/gems/actionpack-5.0.6/lib/action_dispatch/middleware/templates/rescues/_request_and_response.html.erb
  Rendered /home/chandu/.rvm/gems/ruby-2.4.1/gems/actionpack-5.0.6/lib/action_dispatch/middleware/templates/rescues/_request_and_response.html.erb (1.0ms)
  Rendered /home/chandu/.rvm/gems/ruby-2.4.1/gems/actionpack-5.0.6/lib/action_dispatch/middleware/templates/rescues/routing_error.html.erb within rescues/layout (39.8ms)
Started GET "/" for 127.0.0.1 at 2018-01-10 18:46:57 +0530
Processing by HelloPageController#hello as HTML
  Rendering hello_page/hello.html.erb within layouts/application
  Rendered hello_page/hello.html.erb within layouts/application (7.5ms)
Completed 200 OK in 77ms (Views: 73.1ms | ActiveRecord: 0.0ms)


Started GET "/application.js" for 127.0.0.1 at 2018-01-10 18:46:57 +0530
  
ActionController::RoutingError (No route matches [GET] "/application.js"):
  
actionpack (5.0.6) lib/action_dispatch/middleware/debug_exceptions.rb:53:in `call'
web-console (3.5.1) lib/web_console/middleware.rb:135:in `call_app'
web-console (3.5.1) lib/web_console/middleware.rb:28:in `block in call'
web-console (3.5.1) lib/web_console/middleware.rb:18:in `catch'
web-console (3.5.1) lib/web_console/middleware.rb:18:in `call'
actionpack (5.0.6) lib/action_dispatch/middleware/show_exceptions.rb:31:in `call'
railties (5.0.6) lib/rails/rack/logger.rb:36:in `call_app'
railties (5.0.6) lib/rails/rack/logger.rb:24:in `block in call'
activesupport (5.0.6) lib/active_support/tagged_logging.rb:69:in `block in tagged'
activesupport (5.0.6) lib/active_support/tagged_logging.rb:26:in `tagged'
activesupport (5.0.6) lib/active_support/tagged_logging.rb:69:in `tagged'
railties (5.0.6) lib/rails/rack/logger.rb:24:in `call'
sprockets-rails (3.2.1) lib/sprockets/rails/quiet_assets.rb:13:in `call'
actionpack (5.0.6) lib/action_dispatch/middleware/request_id.rb:24:in `call'
rack (2.0.3) lib/rack/method_override.rb:22:in `call'
rack (2.0.3) lib/rack/runtime.rb:22:in `call'
activesupport (5.0.6) lib/active_support/cache/strategy/local_cache_middleware.rb:28:in `call'
actionpack (5.0.6) lib/action_dispatch/middleware/executor.rb:12:in `call'
actionpack (5.0.6) lib/action_dispatch/middleware/static.rb:136:in `call'
rack (2.0.3) lib/rack/sendfile.rb:111:in `call'
railties (5.0.6) lib/rails/engine.rb:522:in `call'
puma (3.0.0) lib/puma/configuration.rb:221:in `call'
puma (3.0.0) lib/puma/server.rb:723:in `handle_request'
puma (3.0.0) lib/puma/server.rb:406:in `process_client'
puma (3.0.0) lib/puma/server.rb:271:in `block in run'
puma (3.0.0) lib/puma/thread_pool.rb:111:in `block in spawn_thread'
  Rendering /home/chandu/.rvm/gems/ruby-2.4.1/gems/actionpack-5.0.6/lib/action_dispatch/middleware/templates/rescues/routing_error.html.erb within rescues/layout
  Rendering /home/chandu/.rvm/gems/ruby-2.4.1/gems/actionpack-5.0.6/lib/action_dispatch/middleware/templates/rescues/_trace.html.erb
  Rendered /home/chandu/.rvm/gems/ruby-2.4.1/gems/actionpack-5.0.6/lib/action_dispatch/middleware/templates/rescues/_trace.html.erb (2.2ms)
  Rendered collection of /home/chandu/.rvm/gems/ruby-2.4.1/gems/actionpack-5.0.6/lib/action_dispatch/middleware/templates/routes/_route.html.erb [2 times] (1.6ms)
  Rendered /home/chandu/.rvm/gems/ruby-2.4.1/gems/actionpack-5.0.6/lib/action_dispatch/middleware/templates/routes/_table.html.erb (1.0ms)
  Rendering /home/chandu/.rvm/gems/ruby-2.4.1/gems/actionpack-5.0.6/lib/action_dispatch/middleware/templates/rescues/_request_and_response.html.erb
  Rendered /home/chandu/.rvm/gems/ruby-2.4.1/gems/actionpack-5.0.6/lib/action_dispatch/middleware/templates/rescues/_request_and_response.html.erb (0.7ms)
  Rendered /home/chandu/.rvm/gems/ruby-2.4.1/gems/actionpack-5.0.6/lib/action_dispatch/middleware/templates/rescues/routing_error.html.erb within rescues/layout (24.5ms)
Started GET "/application.js" for 127.0.0.1 at 2018-01-10 18:46:57 +0530
  
ActionController::RoutingError (No route matches [GET] "/application.js"):
  
actionpack (5.0.6) lib/action_dispatch/middleware/debug_exceptions.rb:53:in `call'
web-console (3.5.1) lib/web_console/middleware.rb:135:in `call_app'
web-console (3.5.1) lib/web_console/middleware.rb:28:in `block in call'
web-console (3.5.1) lib/web_console/middleware.rb:18:in `catch'
web-console (3.5.1) lib/web_console/middleware.rb:18:in `call'
actionpack (5.0.6) lib/action_dispatch/middleware/show_exceptions.rb:31:in `call'
railties (5.0.6) lib/rails/rack/logger.rb:36:in `call_app'
railties (5.0.6) lib/rails/rack/logger.rb:24:in `block in call'
activesupport (5.0.6) lib/active_support/tagged_logging.rb:69:in `block in tagged'
activesupport (5.0.6) lib/active_support/tagged_logging.rb:26:in `tagged'
activesupport (5.0.6) lib/active_support/tagged_logging.rb:69:in `tagged'
railties (5.0.6) lib/rails/rack/logger.rb:24:in `call'
sprockets-rails (3.2.1) lib/sprockets/rails/quiet_assets.rb:13:in `call'
actionpack (5.0.6) lib/action_dispatch/middleware/request_id.rb:24:in `call'
rack (2.0.3) lib/rack/method_override.rb:22:in `call'
rack (2.0.3) lib/rack/runtime.rb:22:in `call'
activesupport (5.0.6) lib/active_support/cache/strategy/local_cache_middleware.rb:28:in `call'
actionpack (5.0.6) lib/action_dispatch/middleware/executor.rb:12:in `call'
actionpack (5.0.6) lib/action_dispatch/middleware/static.rb:136:in `call'
rack (2.0.3) lib/rack/sendfile.rb:111:in `call'
railties (5.0.6) lib/rails/engine.rb:522:in `call'
puma (3.0.0) lib/puma/configuration.rb:221:in `call'
puma (3.0.0) lib/puma/server.rb:723:in `handle_request'
puma (3.0.0) lib/puma/server.rb:406:in `process_client'
puma (3.0.0) lib/puma/server.rb:271:in `block in run'
puma (3.0.0) lib/puma/thread_pool.rb:111:in `block in spawn_thread'
  Rendering /home/chandu/.rvm/gems/ruby-2.4.1/gems/actionpack-5.0.6/lib/action_dispatch/middleware/templates/rescues/routing_error.html.erb within rescues/layout
  Rendering /home/chandu/.rvm/gems/ruby-2.4.1/gems/actionpack-5.0.6/lib/action_dispatch/middleware/templates/rescues/_trace.html.erb
  Rendered /home/chandu/.rvm/gems/ruby-2.4.1/gems/actionpack-5.0.6/lib/action_dispatch/middleware/templates/rescues/_trace.html.erb (2.6ms)
  Rendered collection of /home/chandu/.rvm/gems/ruby-2.4.1/gems/actionpack-5.0.6/lib/action_dispatch/middleware/templates/routes/_route.html.erb [2 times] (1.9ms)
  Rendered /home/chandu/.rvm/gems/ruby-2.4.1/gems/actionpack-5.0.6/lib/action_dispatch/middleware/templates/routes/_table.html.erb (2.9ms)
  Rendering /home/chandu/.rvm/gems/ruby-2.4.1/gems/actionpack-5.0.6/lib/action_dispatch/middleware/templates/rescues/_request_and_response.html.erb
  Rendered /home/chandu/.rvm/gems/ruby-2.4.1/gems/actionpack-5.0.6/lib/action_dispatch/middleware/templates/rescues/_request_and_response.html.erb (2.7ms)
  Rendered /home/chandu/.rvm/gems/ruby-2.4.1/gems/actionpack-5.0.6/lib/action_dispatch/middleware/templates/rescues/routing_error.html.erb within rescues/layout (40.2ms)
Started GET "/" for 127.0.0.1 at 2018-01-13 21:35:34 +0530
Processing by HelloPageController#hello as HTML
  Rendering hello_page/hello.html.erb within layouts/application
  Rendered hello_page/hello.html.erb within layouts/application (817.0ms)
Completed 200 OK in 2000ms (Views: 1525.5ms | ActiveRecord: 0.0ms)


Started GET "/application.js" for 127.0.0.1 at 2018-01-13 21:35:37 +0530
  
ActionController::RoutingError (No route matches [GET] "/application.js"):
  
actionpack (5.0.6) lib/action_dispatch/middleware/debug_exceptions.rb:53:in `call'
web-console (3.5.1) lib/web_console/middleware.rb:135:in `call_app'
web-console (3.5.1) lib/web_console/middleware.rb:28:in `block in call'
web-console (3.5.1) lib/web_console/middleware.rb:18:in `catch'
web-console (3.5.1) lib/web_console/middleware.rb:18:in `call'
actionpack (5.0.6) lib/action_dispatch/middleware/show_exceptions.rb:31:in `call'
railties (5.0.6) lib/rails/rack/logger.rb:36:in `call_app'
railties (5.0.6) lib/rails/rack/logger.rb:24:in `block in call'
activesupport (5.0.6) lib/active_support/tagged_logging.rb:69:in `block in tagged'
activesupport (5.0.6) lib/active_support/tagged_logging.rb:26:in `tagged'
activesupport (5.0.6) lib/active_support/tagged_logging.rb:69:in `tagged'
railties (5.0.6) lib/rails/rack/logger.rb:24:in `call'
sprockets-rails (3.2.1) lib/sprockets/rails/quiet_assets.rb:13:in `call'
actionpack (5.0.6) lib/action_dispatch/middleware/request_id.rb:24:in `call'
rack (2.0.3) lib/rack/method_override.rb:22:in `call'
rack (2.0.3) lib/rack/runtime.rb:22:in `call'
activesupport (5.0.6) lib/active_support/cache/strategy/local_cache_middleware.rb:28:in `call'
actionpack (5.0.6) lib/action_dispatch/middleware/executor.rb:12:in `call'
actionpack (5.0.6) lib/action_dispatch/middleware/static.rb:136:in `call'
rack (2.0.3) lib/rack/sendfile.rb:111:in `call'
railties (5.0.6) lib/rails/engine.rb:522:in `call'
puma (3.0.0) lib/puma/configuration.rb:221:in `call'
puma (3.0.0) lib/puma/server.rb:723:in `handle_request'
puma (3.0.0) lib/puma/server.rb:406:in `process_client'
puma (3.0.0) lib/puma/server.rb:271:in `block in run'
puma (3.0.0) lib/puma/thread_pool.rb:111:in `block in spawn_thread'
  Rendering /home/chandu/.rvm/gems/ruby-2.4.1/gems/actionpack-5.0.6/lib/action_dispatch/middleware/templates/rescues/routing_error.html.erb within rescues/layout
  Rendering /home/chandu/.rvm/gems/ruby-2.4.1/gems/actionpack-5.0.6/lib/action_dispatch/middleware/templates/rescues/_trace.html.erb
  Rendered /home/chandu/.rvm/gems/ruby-2.4.1/gems/actionpack-5.0.6/lib/action_dispatch/middleware/templates/rescues/_trace.html.erb (6.9ms)
  Rendered collection of /home/chandu/.rvm/gems/ruby-2.4.1/gems/actionpack-5.0.6/lib/action_dispatch/middleware/templates/routes/_route.html.erb [3 times] (36.5ms)
  Rendered /home/chandu/.rvm/gems/ruby-2.4.1/gems/actionpack-5.0.6/lib/action_dispatch/middleware/templates/routes/_table.html.erb (33.4ms)
  Rendering /home/chandu/.rvm/gems/ruby-2.4.1/gems/actionpack-5.0.6/lib/action_dispatch/middleware/templates/rescues/_request_and_response.html.erb
  Rendered /home/chandu/.rvm/gems/ruby-2.4.1/gems/actionpack-5.0.6/lib/action_dispatch/middleware/templates/rescues/_request_and_response.html.erb (3.2ms)
  Rendered /home/chandu/.rvm/gems/ruby-2.4.1/gems/actionpack-5.0.6/lib/action_dispatch/middleware/templates/rescues/routing_error.html.erb within rescues/layout (408.6ms)
Started GET "/" for 127.0.0.1 at 2019-03-26 11:45:41 +0530
Processing by HelloPageController#hello as HTML
  Rendering hello_page/hello.html.erb within layouts/application
  Rendered hello_page/hello.html.erb within layouts/application (553.6ms)
Completed 200 OK in 682ms (Views: 654.2ms | ActiveRecord: 0.0ms)


Started GET "/application.js" for 127.0.0.1 at 2019-03-26 11:45:43 +0530
  
ActionController::RoutingError (No route matches [GET] "/application.js"):
  
actionpack (5.0.6) lib/action_dispatch/middleware/debug_exceptions.rb:53:in `call'
web-console (3.5.1) lib/web_console/middleware.rb:135:in `call_app'
web-console (3.5.1) lib/web_console/middleware.rb:28:in `block in call'
web-console (3.5.1) lib/web_console/middleware.rb:18:in `catch'
web-console (3.5.1) lib/web_console/middleware.rb:18:in `call'
actionpack (5.0.6) lib/action_dispatch/middleware/show_exceptions.rb:31:in `call'
railties (5.0.6) lib/rails/rack/logger.rb:36:in `call_app'
railties (5.0.6) lib/rails/rack/logger.rb:24:in `block in call'
activesupport (5.0.6) lib/active_support/tagged_logging.rb:69:in `block in tagged'
activesupport (5.0.6) lib/active_support/tagged_logging.rb:26:in `tagged'
activesupport (5.0.6) lib/active_support/tagged_logging.rb:69:in `tagged'
railties (5.0.6) lib/rails/rack/logger.rb:24:in `call'
sprockets-rails (3.2.1) lib/sprockets/rails/quiet_assets.rb:13:in `call'
actionpack (5.0.6) lib/action_dispatch/middleware/request_id.rb:24:in `call'
rack (2.0.3) lib/rack/method_override.rb:22:in `call'
rack (2.0.3) lib/rack/runtime.rb:22:in `call'
activesupport (5.0.6) lib/active_support/cache/strategy/local_cache_middleware.rb:28:in `call'
actionpack (5.0.6) lib/action_dispatch/middleware/executor.rb:12:in `call'
actionpack (5.0.6) lib/action_dispatch/middleware/static.rb:136:in `call'
rack (2.0.3) lib/rack/sendfile.rb:111:in `call'
railties (5.0.6) lib/rails/engine.rb:522:in `call'
rack (2.0.3) lib/rack/handler/webrick.rb:86:in `service'
/usr/lib/ruby/2.4.0/webrick/httpserver.rb:140:in `service'
/usr/lib/ruby/2.4.0/webrick/httpserver.rb:96:in `run'
/usr/lib/ruby/2.4.0/webrick/server.rb:308:in `block in start_thread'
  Rendering /var/lib/gems/2.4.0/gems/actionpack-5.0.6/lib/action_dispatch/middleware/templates/rescues/routing_error.html.erb within rescues/layout
  Rendering /var/lib/gems/2.4.0/gems/actionpack-5.0.6/lib/action_dispatch/middleware/templates/rescues/_trace.html.erb
  Rendered /var/lib/gems/2.4.0/gems/actionpack-5.0.6/lib/action_dispatch/middleware/templates/rescues/_trace.html.erb (1.5ms)
  Rendered collection of /var/lib/gems/2.4.0/gems/actionpack-5.0.6/lib/action_dispatch/middleware/templates/routes/_route.html.erb [3 times] (19.9ms)
  Rendered /var/lib/gems/2.4.0/gems/actionpack-5.0.6/lib/action_dispatch/middleware/templates/routes/_table.html.erb (18.0ms)
  Rendering /var/lib/gems/2.4.0/gems/actionpack-5.0.6/lib/action_dispatch/middleware/templates/rescues/_request_and_response.html.erb
  Rendered /var/lib/gems/2.4.0/gems/actionpack-5.0.6/lib/action_dispatch/middleware/templates/rescues/_request_and_response.html.erb (1.8ms)
  Rendered /var/lib/gems/2.4.0/gems/actionpack-5.0.6/lib/action_dispatch/middleware/templates/rescues/routing_error.html.erb within rescues/layout (105.1ms)
Started GET "/application.js" for 127.0.0.1 at 2019-03-26 11:45:44 +0530
  
ActionController::RoutingError (No route matches [GET] "/application.js"):
  
actionpack (5.0.6) lib/action_dispatch/middleware/debug_exceptions.rb:53:in `call'
web-console (3.5.1) lib/web_console/middleware.rb:135:in `call_app'
web-console (3.5.1) lib/web_console/middleware.rb:28:in `block in call'
web-console (3.5.1) lib/web_console/middleware.rb:18:in `catch'
web-console (3.5.1) lib/web_console/middleware.rb:18:in `call'
actionpack (5.0.6) lib/action_dispatch/middleware/show_exceptions.rb:31:in `call'
railties (5.0.6) lib/rails/rack/logger.rb:36:in `call_app'
railties (5.0.6) lib/rails/rack/logger.rb:24:in `block in call'
activesupport (5.0.6) lib/active_support/tagged_logging.rb:69:in `block in tagged'
activesupport (5.0.6) lib/active_support/tagged_logging.rb:26:in `tagged'
activesupport (5.0.6) lib/active_support/tagged_logging.rb:69:in `tagged'
railties (5.0.6) lib/rails/rack/logger.rb:24:in `call'
sprockets-rails (3.2.1) lib/sprockets/rails/quiet_assets.rb:13:in `call'
actionpack (5.0.6) lib/action_dispatch/middleware/request_id.rb:24:in `call'
rack (2.0.3) lib/rack/method_override.rb:22:in `call'
rack (2.0.3) lib/rack/runtime.rb:22:in `call'
activesupport (5.0.6) lib/active_support/cache/strategy/local_cache_middleware.rb:28:in `call'
actionpack (5.0.6) lib/action_dispatch/middleware/executor.rb:12:in `call'
actionpack (5.0.6) lib/action_dispatch/middleware/static.rb:136:in `call'
rack (2.0.3) lib/rack/sendfile.rb:111:in `call'
railties (5.0.6) lib/rails/engine.rb:522:in `call'
rack (2.0.3) lib/rack/handler/webrick.rb:86:in `service'
/usr/lib/ruby/2.4.0/webrick/httpserver.rb:140:in `service'
/usr/lib/ruby/2.4.0/webrick/httpserver.rb:96:in `run'
/usr/lib/ruby/2.4.0/webrick/server.rb:308:in `block in start_thread'
  Rendering /var/lib/gems/2.4.0/gems/actionpack-5.0.6/lib/action_dispatch/middleware/templates/rescues/routing_error.html.erb within rescues/layout
  Rendering /var/lib/gems/2.4.0/gems/actionpack-5.0.6/lib/action_dispatch/middleware/templates/rescues/_trace.html.erb
  Rendered /var/lib/gems/2.4.0/gems/actionpack-5.0.6/lib/action_dispatch/middleware/templates/rescues/_trace.html.erb (1.3ms)
  Rendered collection of /var/lib/gems/2.4.0/gems/actionpack-5.0.6/lib/action_dispatch/middleware/templates/routes/_route.html.erb [3 times] (1.8ms)
  Rendered /var/lib/gems/2.4.0/gems/actionpack-5.0.6/lib/action_dispatch/middleware/templates/routes/_table.html.erb (2.9ms)
  Rendering /var/lib/gems/2.4.0/gems/actionpack-5.0.6/lib/action_dispatch/middleware/templates/rescues/_request_and_response.html.erb
  Rendered /var/lib/gems/2.4.0/gems/actionpack-5.0.6/lib/action_dispatch/middleware/templates/rescues/_request_and_response.html.erb (1.2ms)
  Rendered /var/lib/gems/2.4.0/gems/actionpack-5.0.6/lib/action_dispatch/middleware/templates/rescues/routing_error.html.erb within rescues/layout (38.2ms)
